Calling target program-options parser
[15:08:22.802] [bmv2] [D] [thread 783613] Set default default entry for table 'tbl_act': act - 
[15:08:22.802] [bmv2] [D] [thread 783613] Set default default entry for table 'tbl_compute_connection_hash': MyIngress.compute_connection_hash - 
[15:08:22.802] [bmv2] [D] [thread 783613] Set default default entry for table 'MyIngress.connections': NoAction - 
[15:08:22.802] [bmv2] [D] [thread 783613] Set default default entry for table 'tbl_proxy589': proxy589 - 
[15:08:22.802] [bmv2] [D] [thread 783613] Set default default entry for table 'tbl_proxy591': proxy591 - 
[15:08:22.802] [bmv2] [D] [thread 783613] Set default default entry for table 'tbl_forward_request': MyIngress.forward_request - 
[15:08:22.802] [bmv2] [D] [thread 783613] Set default default entry for table 'tbl_create_syn_cookie_packet': MyIngress.create_syn_cookie_packet - 
[15:08:22.802] [bmv2] [D] [thread 783613] Set default default entry for table 'tbl_validate_syn_cookie': MyIngress.validate_syn_cookie - 
[15:08:22.802] [bmv2] [D] [thread 783613] Set default default entry for table 'tbl_proxy618': proxy618 - 
[15:08:22.802] [bmv2] [D] [thread 783613] Set default default entry for table 'tbl_create_new_tcp_connection': MyIngress.create_new_tcp_connection - 
[15:08:22.802] [bmv2] [D] [thread 783613] Set default default entry for table 'tbl_drop': MyIngress.drop - 
[15:08:22.802] [bmv2] [D] [thread 783613] Set default default entry for table 'tbl_proxy627': proxy627 - 
[15:08:22.802] [bmv2] [D] [thread 783613] Set default default entry for table 'tbl_compute_cookie_value': MyIngress.compute_cookie_value - 
[15:08:22.802] [bmv2] [D] [thread 783613] Set default default entry for table 'tbl_compute_connection_hash_0': MyIngress.compute_connection_hash - 
[15:08:22.802] [bmv2] [D] [thread 783613] Set default default entry for table 'tbl_send_digest_connection': MyIngress.send_digest_connection - 
[15:08:22.802] [bmv2] [D] [thread 783613] Set default default entry for table 'tbl_create_ack_response': MyIngress.create_ack_response - 
[15:08:22.802] [bmv2] [D] [thread 783613] Set default default entry for table 'tbl_send_digest_debug': MyIngress.send_digest_debug - 
[15:08:22.802] [bmv2] [D] [thread 783613] Set default default entry for table 'tbl_drop_0': MyIngress.drop - 
[15:08:22.802] [bmv2] [D] [thread 783613] Set default default entry for table 'tbl_proxy641': proxy641 - 
[15:08:22.802] [bmv2] [D] [thread 783613] Set default default entry for table 'MyIngress.ipv4_lpm': MyIngress.drop - 
[15:08:22.802] [bmv2] [D] [thread 783613] Set default default entry for table 'tbl_compute_tcp_length': MyIngress.compute_tcp_length - 
Adding interface s1-eth1 as port 1
[15:08:22.803] [bmv2] [D] [thread 783613] Adding interface s1-eth1 as port 1
Adding interface s1-eth2 as port 2
[15:08:22.830] [bmv2] [D] [thread 783613] Adding interface s1-eth2 as port 2
Adding interface s1-eth3 as port 3
[15:08:22.861] [bmv2] [D] [thread 783613] Adding interface s1-eth3 as port 3
Server listening on 0.0.0.0:9559
[15:08:22.883] [bmv2] [I] [thread 783613] Starting Thrift server on port 9090
[15:08:22.884] [bmv2] [I] [thread 783613] Thrift server was started
open: No such file or directory
open: No such file or directory
