Connected to s1 via gRPC at 0.0.0.0:9559
Adding entry to: ipv4_lpm
match:
field_id: 1
lpm {
  value: "\n\000\001\001"
  prefix_len: 32
}

action: ipv4_forward
param_id: 1
value: "\000\000\n\000\001\001"

param_id: 2
value: "\000\001"

Added entry: 10.0.1.1/32 -> 00:00:0a:00:01:01, Port 1
Adding entry to: ipv4_lpm
match:
field_id: 1
lpm {
  value: "\n\000\001\002"
  prefix_len: 32
}

action: ipv4_forward
param_id: 1
value: "\000\000\n\000\001\002"

param_id: 2
value: "\000\002"

Added entry: 10.0.1.2/32 -> 00:00:0a:00:01:02, Port 2
Adding entry to: ipv4_lpm
match:
field_id: 1
lpm {
  value: "\n\000\001\003"
  prefix_len: 32
}

action: ipv4_forward
param_id: 1
value: "\000\000\n\000\001\003"

param_id: 2
value: "\000\003"

Added entry: 10.0.1.3/32 -> 00:00:0a:00:01:03, Port 3
Enabling digest: learn_connection_t
Enabling digest: learn_debug_t
Listening for digest messages via gRPC...
Digest Message received: <class 'p4.v1.p4runtime_pb2.DigestList'>digest_id: 394698674
list_id: 1
data {
  struct {
    members {
      bitstring: "\002"
    }
    members {
      bitstring: "\235\236"
    }
    members {
      bitstring: "x\377\377\360"
    }
    members {
      bitstring: "\026\341"
    }
    members {
      bitstring: "\207\000\000\020"
    }
  }
}
timestamp: 269869605089042

message type: 2, connection added with Hash: 40350, diff: 2030043120
Adding entry to: connections
match:
field_id: 1
exact {
  value: "\000\000\235\236"
}

action: saveDifferenceValue
param_id: 1
value: "x\377\377\360"

message type: 2, connection added with Hash: 5857, diff: 2264924176
Adding entry to: connections
match:
field_id: 1
exact {
  value: "\000\000\026\341"
}

action: saveDifferenceValue
param_id: 1
value: "\207\000\000\020"

CRITICAL:root:StreamChannel error, closing stream
CRITICAL:root:P4Runtime RPC error (UNAVAILABLE): Socket closed
